<?xml version="1.0" encoding="UTF-8"?>
<testng-results ignored="0" total="1" passed="1" failed="0" skipped="0">
  <reporter-output>
  </reporter-output>
  <suite started-at="2024-10-06T13:02:30 IST" name="Default suite" finished-at="2024-10-06T13:02:32 IST" duration-ms="2024">
    <groups>
    </groups>
    <test started-at="2024-10-06T13:02:30 IST" name="Default test" finished-at="2024-10-06T13:02:32 IST" duration-ms="2024">
      <class name="com.qc.tests.LoginTest">
        <test-method is-config="true" signature="doSetup()[pri:0, instance:com.qc.tests.LoginTest@3c41ed1d]" started-at="2024-10-06T13:02:25 IST" name="doSetup" finished-at="2024-10-06T13:02:30 IST" duration-ms="4677" status="PASS">
          <reporter-output>
          </reporter-output>
        </test-method> <!-- doSetup -->
        <test-method is-config="true" signature="locateElement()[pri:0, instance:com.qc.tests.LoginTest@3c41ed1d]" started-at="2024-10-06T13:02:30 IST" name="locateElement" finished-at="2024-10-06T13:02:30 IST" duration-ms="95" status="PASS">
          <reporter-output>
          </reporter-output>
        </test-method> <!-- locateElement -->
        <test-method signature="doLogin()[pri:0, instance:com.qc.tests.LoginTest@3c41ed1d]" started-at="2024-10-06T13:02:30 IST" name="doLogin" finished-at="2024-10-06T13:02:30 IST" duration-ms="187" status="PASS">
          <reporter-output>
          </reporter-output>
        </test-method> <!-- doLogin -->
        <test-method is-config="true" signature="doAssert()[pri:0, instance:com.qc.tests.LoginTest@3c41ed1d]" started-at="2024-10-06T13:02:30 IST" name="doAssert" finished-at="2024-10-06T13:02:32 IST" duration-ms="1701" status="PASS">
          <reporter-output>
          </reporter-output>
        </test-method> <!-- doAssert -->
        <test-method is-config="true" signature="tearDown()[pri:0, instance:com.qc.tests.LoginTest@3c41ed1d]" started-at="2024-10-06T13:02:32 IST" name="tearDown" finished-at="2024-10-06T13:02:32 IST" duration-ms="167" status="PASS">
          <reporter-output>
          </reporter-output>
        </test-method> <!-- tearDown -->
      </class> <!-- com.qc.tests.LoginTest -->
    </test> <!-- Default test -->
  </suite> <!-- Default suite -->
</testng-results>
